
Source file: L10_2.X68
Assembled on: 14-11-21 at: 15:02:57
          by: X68K PC-2.2 Copyright (c) University of Teesside 1989,96
Defaults: ORG $0/FORMAT/OPT A,BRL,CEX,CL,FRL,MC,MD,NOMEX,NOPCO

    1           0000C001     DUART:    EQU       $C001
    2           00000002     SRA:      EQU       2
    3           00000006     RBA:      EQU       6
    4                        
    5  00008000                        ORG       $8000
    6  00008000 41F90000C001 MESSAGE:  LEA       DUART,A0
    7  00008006 227C00008032           MOVEA.L   #TEXT,A1
    8  0000800C 61000004               BSR       INSTR
    9  00008010 4E4E                   TRAP      #14
   10                                
   11  00008012 740A         INSTR:    MOVEQ     #10,D2
   12  00008014 1E280002     INSTR2:   MOVE.B    SRA(A0),D7
   13  00008018 02070001               ANDI.B    #1,D7
   14  0000801C 67F6                   BEQ       INSTR2
   15  0000801E 12A80006               MOVE.B    RBA(A0),(A1)
   16  00008022 0C19000D               CMPI.B    #$0D,(A1)+
   17  00008026 67000004               BEQ       EXIT
   18  0000802A 60E8                   BRA       INSTR2
   19                                
   20  0000802C 12BC0000     EXIT:     MOVE.B    #0,(A1)
   21  00008030 4E75                   RTS       
   22                        
   23  00008032 0000000B     TEXT:     DS.B      11
   24           00008000               END       MESSAGE

Lines: 24, Errors: 0, Warnings: 0.
